<?xml version="1.0" encoding="UTF-8"?>
<!-- Generated by org.testng.reporters.JUnitReportReporter -->
<testsuite skipped="0" hostname="DESKTOP-AMSG348" name="org.testNG.tests.GoogleTest" tests="1" failures="0" timestamp="2020-03-18T23:26:35 IST" time="20.067" errors="0">
  <testcase name="googleTest" time="20.067" classname="org.testNG.tests.GoogleTest"/>
</testsuite> <!-- org.testNG.tests.GoogleTest -->
