<?xml version="1.0" encoding="UTF-8"?>
<!-- Generated by org.testng.reporters.JUnitReportReporter -->
<testsuite skipped="0" hostname="DESKTOP-AMSG348" name="org.oneTravel.com.TC03" tests="1" failures="0" timestamp="2020-02-14T23:13:22 IST" time="31.378" errors="0">
  <testcase name="handleAjaxSuggestion" time="31.378" classname="org.oneTravel.com.TC03"/>
</testsuite> <!-- org.oneTravel.com.TC03 -->
