<?xml version="1.0" encoding="UTF-8"?>
<!-- Generated by org.testng.reporters.JUnitReportReporter -->
<testsuite skipped="0" hostname="DESKTOP-AMSG348" name="org.oneTravel.com.SnapDealLogin" tests="1" failures="0" timestamp="2020-02-14T23:22:08 IST" time="22.164" errors="0">
  <testcase name="loginTest" time="22.164" classname="org.oneTravel.com.SnapDealLogin"/>
</testsuite> <!-- org.oneTravel.com.SnapDealLogin -->
