<?xml version="1.0" encoding="UTF-8"?>
<!-- Generated by org.testng.reporters.JUnitReportReporter -->
<testsuite skipped="0" hostname="DESKTOP-AMSG348" name="org.testNG.tests.CheapoAir" tests="1" failures="0" timestamp="2020-03-18T23:33:15 IST" time="51.962" errors="0">
  <testcase name="cheapoairTest" time="51.962" classname="org.testNG.tests.CheapoAir"/>
</testsuite> <!-- org.testNG.tests.CheapoAir -->
