<?xml version="1.0" encoding="UTF-8"?>
<!-- Generated by org.testng.reporters.JUnitReportReporter -->
<testsuite skipped="0" hostname="DESKTOP-AMSG348" name="org.flipLearn.com.FlipLearnTest" tests="1" failures="0" timestamp="2020-05-20T10:55:39 IST" time="57.880" errors="0">
  <testcase name="loginTest" time="57.880" classname="org.flipLearn.com.FlipLearnTest"/>
</testsuite> <!-- org.flipLearn.com.FlipLearnTest -->
