<?xml version="1.0" encoding="UTF-8"?>
<!-- Generated by org.testng.reporters.JUnitReportReporter -->
<testsuite skipped="0" hostname="DESKTOP-AMSG348" name="org.oneTravel.com.TC01" tests="1" failures="0" timestamp="2020-02-11T00:29:53 IST" time="19.909" errors="0">
  <testcase name="testCase01" time="19.909" classname="org.oneTravel.com.TC01"/>
</testsuite> <!-- org.oneTravel.com.TC01 -->
