<?xml version="1.0" encoding="UTF-8"?>
<!-- Generated by org.testng.reporters.JUnitReportReporter -->
<testsuite skipped="0" hostname="DESKTOP-AMSG348" name="org.testNG.tests.NaukriTest" tests="1" failures="0" timestamp="2020-03-18T23:26:35 IST" time="26.539" errors="0">
  <testcase name="naukriTest" time="26.539" classname="org.testNG.tests.NaukriTest"/>
</testsuite> <!-- org.testNG.tests.NaukriTest -->
